<?xml version="1.0" encoding="UTF-8"?>
<testng-results ignored="0" total="1" passed="1" failed="0" skipped="0">
  <reporter-output>
  </reporter-output>
  <suite started-at="2021-11-28T00:27:56 GMT" name="Default suite" finished-at="2021-11-28T00:27:56 GMT" duration-ms="31">
    <groups>
    </groups>
    <test started-at="2021-11-28T00:27:56 GMT" name="Default test" finished-at="2021-11-28T00:27:56 GMT" duration-ms="31">
      <class name="datatypes.Data_Types_Practice">
        <test-method signature="testing()[pri:0, instance:datatypes.Data_Types_Practice@581ac8a8]" started-at="2021-11-28T00:27:56 GMT" name="testing" finished-at="2021-11-28T00:27:56 GMT" duration-ms="5" status="PASS">
          <reporter-output>
          </reporter-output>
        </test-method> <!-- testing -->
      </class> <!-- datatypes.Data_Types_Practice -->
    </test> <!-- Default test -->
  </suite> <!-- Default suite -->
</testng-results>
